<?xml version="1.0" encoding="UTF-8"?>
<!-- Generated by org.testng.reporters.JUnitReportReporter -->
<testsuite hostname="DESKTOP-18BP1P8" failures="0" tests="3" name="Add_Student_Form_7_Test.Add_Student_Form_7_Test" time="327.522" errors="0" timestamp="2022-09-30T19:37:15 IST" skipped="0">
  <testcase classname="Add_Student_Form_7_Test.Add_Student_Form_7_Test" name="Add_Student_After_Form_Page_7" time="110.222"/>
  <system-out>
    <![CDATA[The URL for home page is https://enroll.grafik-stage.io/home
 
Click on Student Name 
 
Click on start Enrollment 
 
The Student Preffered Name is entered
 
The Last Name is entered
 
The Middle Initial Name is entered
 
The Date of year is selected
 
The Date of month is selected
 
The Date is selected
 
The gender is selected
 
The checkbox is already selected
 
Student Name is entered Oliver
 
The Student added successfully
 
Student Name is entered Joseph
 
The student is removed

max limit is set to 50 for Name
 
max limit is set to 15 for Case_Number
 
 Click on Next Button 
 
Entered student language
 
Click On Next Button
 
max limit is set to 90 for Internet_Speed
 
The reason is entered
 
The Adults Name is entered
 
The Adults Name is entered
 
The Changes are entered
 
The Preffered Name is entered
 
The Pronunciation is entered
 
The Pronouns is entered
 
Signature is drawn successfully 
                                                                                 
The Student Added successfully 
 
The User is successfully logout
 ]]>
  </system-out>
  <testcase classname="Add_Student_Form_7_Test.Add_Student_Form_7_Test" name="Add_Student_After_Form_Page_7" time="110.578"/>
  <system-out>
    <![CDATA[The URL for home page is https://enroll.grafik-stage.io/home
 
Click on Student Name 
 
Click on start Enrollment 
 
The Student Preffered Name is entered
 
The Last Name is entered
 
The Middle Initial Name is entered
 
The Date of year is selected
 
The Date of month is selected
 
The Date is selected
 
The gender is selected
 
The checkbox is already selected
 
Student Name is entered Oliver
 
The Student added successfully
 
Student Name is entered Joseph
 
The student is removed

max limit is set to 50 for Name
 
max limit is set to 15 for Case_Number
 
 Click on Next Button 
 
Entered student language
 
Click On Next Button
 
max limit is set to 90 for Internet_Speed
 
The reason is entered
 
The Adults Name is entered
 
The Adults Name is entered
 
The Changes are entered
 
The Preffered Name is entered
 
The Pronunciation is entered
 
The Pronouns is entered
 
Signature is drawn successfully 
                                                                                 
The Student Added successfully 
 
The User is successfully logout
 ]]>
  </system-out>
  <testcase classname="Add_Student_Form_7_Test.Add_Student_Form_7_Test" name="Add_Student_After_Form_Page_7" time="106.722"/>
  <system-out>
    <![CDATA[The URL for home page is https://enroll.grafik-stage.io/home
 
Click on Student Name 
 
Click on start Enrollment 
 
The Student Preffered Name is entered
 
The Last Name is entered
 
The Middle Initial Name is entered
 
The Date of year is selected
 
The Date of month is selected
 
The Date is selected
 
The gender is selected
 
The checkbox is already selected
 
Student Name is entered Oliver
 
The Student added successfully
 
Student Name is entered Joseph
 
The student is removed

max limit is set to 50 for Name
 
max limit is set to 15 for Case_Number
 
 Click on Next Button 
 
Entered student language
 
Click On Next Button
 
max limit is set to 90 for Internet_Speed
 
The reason is entered
 
The Adults Name is entered
 
The Adults Name is entered
 
The Changes are entered
 
The Preffered Name is entered
 
The Pronunciation is entered
 
The Pronouns is entered
 
Signature is drawn successfully 
                                                                                 
The Student Added successfully 
 
The User is successfully logout
 ]]>
  </system-out>
</testsuite> <!-- Add_Student_Form_7_Test.Add_Student_Form_7_Test -->
